<?xml version="1.0" encoding="UTF-8"?>
<testng-results ignored="0" total="1" passed="1" failed="0" skipped="0">
  <reporter-output>
  </reporter-output>
  <suite started-at="2022-05-11T09:19:18Z" name="Default suite" finished-at="2022-05-11T09:20:00Z" duration-ms="42440">
    <groups>
    </groups>
    <test started-at="2022-05-11T09:19:18Z" name="Default test" finished-at="2022-05-11T09:20:00Z" duration-ms="42440">
      <class name="TestSuite.Travel">
        <test-method signature="testing()[pri:0, instance:TestSuite.Travel@3e74829]" started-at="2022-05-11T09:19:18Z" name="testing" finished-at="2022-05-11T09:20:00Z" duration-ms="42418" status="PASS">
          <reporter-output>
          </reporter-output>
        </test-method> <!-- testing -->
      </class> <!-- TestSuite.Travel -->
    </test> <!-- Default test -->
  </suite> <!-- Default suite -->
</testng-results>
